<?xml version="1.0" encoding="UTF-8"?>
<!-- Generated by org.testng.reporters.JUnitReportReporter -->
<testsuite hostname="Anil-Kumar-Verma.local" name="Workflow.GetAdvertiserApiTest" tests="1" failures="0" timestamp="3 Feb 2017 11:09:22 GMT" time="2.343" errors="0">
  <testcase name="GetAdvertisersApiTest" time="2.343" classname="Workflow.GetAdvertiserApiTest"/>
</testsuite> <!-- Workflow.GetAdvertiserApiTest -->
